2026-02-22 13:29:29 info [utils]: server started [env, port] = [development, 8000]
2026-02-22 13:29:29 info [utils]: Successfully connected to localhost Postgres in development mode.
2026-02-22 13:34:54 info [utils]: server started [env, port] = [development, 8000]
2026-02-22 13:34:54 info [utils]: Successfully connected to localhost Postgres in development mode.
2026-02-22 13:35:39 error [utils]: addVersionWithDocs tx failed duplicate key value violates unique constraint "instrument_version_instrument_id_version_label_key"
2026-02-22 13:41:07 error [utils]: instrument.getById tx error invalid input value for enum ingest_job_status: "running"
2026-02-22 13:42:10 info [utils]: server started [env, port] = [development, 8000]
2026-02-22 13:42:10 info [utils]: Successfully connected to localhost Postgres in development mode.
2026-02-22 13:49:28 info [utils]: server started [env, port] = [development, 8000]
2026-02-22 13:49:28 info [utils]: Successfully connected to localhost Postgres in development mode.
2026-02-22 13:50:00 info [utils]: server started [env, port] = [development, 8000]
2026-02-22 13:50:00 info [utils]: Successfully connected to localhost Postgres in development mode.
2026-02-22 13:50:21 info [utils]: server started [env, port] = [development, 8000]
2026-02-22 13:50:21 info [utils]: Successfully connected to localhost Postgres in development mode.
2026-02-22 13:50:34 info [utils]: server started [env, port] = [development, 8000]
2026-02-22 13:50:35 info [utils]: Successfully connected to localhost Postgres in development mode.
2026-02-22 13:51:05 info [utils]: server started [env, port] = [development, 8000]
2026-02-22 13:51:05 info [utils]: Successfully connected to localhost Postgres in development mode.
2026-02-22 13:53:02 info [utils]: server started [env, port] = [development, 8000]
2026-02-22 13:53:02 info [utils]: Successfully connected to localhost Postgres in development mode.
2026-02-22 13:53:56 info [utils]: server started [env, port] = [development, 8000]
2026-02-22 13:53:56 info [utils]: Successfully connected to localhost Postgres in development mode.
2026-02-22 13:55:08 info [utils]: server started [env, port] = [development, 8000]
2026-02-22 13:55:08 info [utils]: Successfully connected to localhost Postgres in development mode.
2026-02-22 13:55:25 info [utils]: server started [env, port] = [development, 8000]
2026-02-22 13:55:25 info [utils]: Successfully connected to localhost Postgres in development mode.
2026-02-22 14:33:30 info [utils]: server started [env, port] = [development, 8000]
2026-02-22 14:33:30 info [utils]: Successfully connected to localhost Postgres in development mode.
2026-02-22 15:18:25 info [utils]: server started [env, port] = [development, 8000]
2026-02-22 15:18:25 info [utils]: Successfully connected to localhost Postgres in development mode.
2026-02-22 15:42:02 info [utils]: server started [env, port] = [development, 8000]
2026-02-22 15:42:02 info [utils]: Successfully connected to localhost Postgres in development mode.
2026-02-22 16:00:56 info [utils]: server started [env, port] = [development, 8000]
2026-02-22 16:00:56 info [utils]: Successfully connected to localhost Postgres in development mode.
2026-02-22 16:14:58 info [utils]: server started [env, port] = [development, 8000]
2026-02-22 16:14:58 info [utils]: Successfully connected to localhost Postgres in development mode.
2026-02-22 16:17:04 info [utils]: server started [env, port] = [development, 8000]
2026-02-22 16:17:04 info [utils]: Successfully connected to localhost Postgres in development mode.
2026-02-22 16:21:47 info [utils]: server started [env, port] = [development, 8000]
2026-02-22 16:21:47 info [utils]: Successfully connected to localhost Postgres in development mode.
2026-02-22 17:32:01 info [utils]: server started [env, port] = [development, 8000]
2026-02-22 17:32:01 info [utils]: Successfully connected to localhost Postgres in development mode.
2026-02-22 17:39:38 info [utils]: server started [env, port] = [development, 8000]
2026-02-22 17:39:38 info [utils]: Successfully connected to localhost Postgres in development mode.
2026-02-22 19:20:13 info [utils]: server started [env, port] = [development, 8000]
2026-02-22 19:20:50 error [utils]: [PGP] error duplicate key value violates unique constraint "instrument_version_instrument_id_version_label_key"
2026-02-22 19:26:42 info [utils]: server started [env, port] = [development, 8000]
