2026-02-25 11:23:59 info [utils]: server started [env, port] = [development, 8000]
2026-02-25 11:25:11 error [utils]: [PGP] error No data returned from the query.
2026-02-25 12:35:08 error [utils]: [PGP] error duplicate key value violates unique constraint "instrument_authority_id_kind_short_code_key"
2026-02-25 17:33:48 info [utils]: server started [env, port] = [development, 8000]
2026-02-25 17:34:19 info [utils]: server started [env, port] = [development, 8000]
2026-02-25 17:34:37 info [utils]: server started [env, port] = [development, 8000]
2026-02-25 17:34:47 error [utils]: [PGP] error pg_hba.conf rejects connection for host "49.47.199.137", user "postgres", database "floora-ai", no encryption
2026-02-25 17:36:31 info [utils]: server started [env, port] = [development, 8000]
2026-02-25 17:36:41 error [utils]: [PGP] error relation "app_user" does not exist
2026-02-25 20:11:26 info [utils]: server started [env, port] = [development, 8000]
2026-02-25 20:11:32 error [utils]: [PGP] error The server does not support SSL connections
2026-02-25 20:11:38 error [utils]: [PGP] error The server does not support SSL connections
2026-02-25 20:11:41 error [utils]: [PGP] error The server does not support SSL connections
2026-02-25 20:12:42 info [utils]: server started [env, port] = [development, 8000]
2026-02-25 20:29:02 info [utils]: server started [env, port] = [development, 8000]
2026-02-25 20:29:10 error [utils]: [PGP] error column "pincode" of relation "chat_session" does not exist
2026-02-25 20:31:42 error [utils]: [PGP] error column "authority_ids" is of type uuid[] but expression is of type text[]
2026-02-25 20:36:01 info [utils]: server started [env, port] = [development, 8000]
2026-02-25 20:38:41 info [utils]: server started [env, port] = [development, 8000]
2026-02-25 20:38:45 error [utils]: [PGP] error syntax error at or near "::"
2026-02-25 20:41:10 info [utils]: server started [env, port] = [development, 8000]
2026-02-25 20:42:05 info [utils]: server started [env, port] = [development, 8000]
2026-02-25 20:42:28 info [utils]: server started [env, port] = [development, 8000]
2026-02-25 20:43:56 error [utils]: [PGP] error No data returned from the query.
2026-02-25 20:44:09 error [utils]: [PGP] error column "retrieved" is of type jsonb but expression is of type text[]
2026-02-25 21:04:57 info [utils]: server started [env, port] = [development, 8000]
2026-02-25 21:05:22 info [utils]: server started [env, port] = [development, 8000]
2026-02-25 21:07:27 info [utils]: server started [env, port] = [development, 8000]
2026-02-25 21:09:38 info [utils]: server started [env, port] = [development, 8000]
2026-02-25 21:13:03 info [utils]: server started [env, port] = [development, 8000]
2026-02-25 21:14:26 error [utils]: [PGP] error column "citations" is of type jsonb but expression is of type text[]
2026-02-25 21:25:06 info [utils]: server started [env, port] = [development, 8000]
2026-02-25 21:25:10 error [utils]: [PGP] error invalid input syntax for type json
2026-02-25 21:28:54 info [utils]: server started [env, port] = [development, 8000]
2026-02-25 21:30:27 error [utils]: [PGP] error column "citations" is of type jsonb but expression is of type text[]
2026-02-25 21:31:44 info [utils]: server started [env, port] = [development, 8000]
2026-02-25 21:33:37 error [utils]: [PGP] error column "citations" is of type jsonb but expression is of type text[]
